2026-04-22 00:38:41  INFO      Database initialised → signals.db
2026-04-22 00:38:41  INFO      ============================================================
2026-04-22 00:38:41  INFO      MortgageIQ Pipeline — fetch run starting (2026-04-22 00:38)
2026-04-22 00:38:41  INFO      ============================================================
2026-04-22 00:38:41  INFO        Fetching fedFunds (FEDFUNDS)…
2026-04-22 00:38:41  INFO          → 24 observations saved
2026-04-22 00:38:42  INFO        Fetching sofr (SOFR)…
2026-04-22 00:38:42  INFO          → 113 observations saved
2026-04-22 00:38:42  INFO        Fetching tenYrTsy (DGS10)…
2026-04-22 00:38:42  INFO          → 114 observations saved
2026-04-22 00:38:42  INFO        Fetching twoYrTsy (DGS2)…
2026-04-22 00:38:43  INFO          → 114 observations saved
2026-04-22 00:38:43  INFO        Fetching pmms30 (MORTGAGE30US)…
2026-04-22 00:38:43  INFO          → 106 observations saved
2026-04-22 00:38:43  INFO        Fetching pmms15 (MORTGAGE15US)…
2026-04-22 00:38:43  INFO          → 106 observations saved
2026-04-22 00:38:44  INFO        Fetching mba30 (OBMMIC30YF)…
2026-04-22 00:38:44  INFO          → 112 observations saved
2026-04-22 00:38:44  INFO        Fetching cpi (CPIAUCSL)…
2026-04-22 00:38:44  INFO          → 11 observations saved
2026-04-22 00:38:44  INFO        Fetching corePce (PCEPILFE)…
2026-04-22 00:38:45  INFO          → 11 observations saved
2026-04-22 00:38:45  INFO        Fetching ppi (PPIACO)…
2026-04-22 00:38:46  INFO          → 12 observations saved
2026-04-22 00:38:46  INFO        Fetching unemployment (UNRATE)…
2026-04-22 00:38:46  INFO          → 23 observations saved
2026-04-22 00:38:46  INFO        Fetching nfp (PAYEMS)…
2026-04-22 00:38:47  INFO          → 23 observations saved
2026-04-22 00:38:47  INFO        Fetching jolts (JTSJOL)…
2026-04-22 00:38:47  INFO          → 23 observations saved
2026-04-22 00:38:47  INFO        Fetching hpiNational (CSUSHPISA)…
2026-04-22 00:38:47  INFO          → 10 observations saved
2026-04-22 00:38:48  INFO        Fetching housingStarts (HOUST)…
2026-04-22 00:38:48  INFO          → 22 observations saved
2026-04-22 00:38:48  INFO        Fetching existingHomeSales (EXHOSLUSM495S)…
2026-04-22 00:38:48  INFO          → 13 observations saved
2026-04-22 00:38:48  INFO        Fetching mortgageDelinquency (DRSFRMACBS)…
2026-04-22 00:38:49  INFO          → 7 observations saved
2026-04-22 00:38:49  INFO        Fetching refiBoomster (MORTGAGE30US)…
2026-04-22 00:38:49  INFO          → 106 observations saved
2026-04-22 00:38:49  INFO        Fetching igSpread (BAMLC0A0CM)…
2026-04-22 00:38:49  INFO          → 118 observations saved
2026-04-22 00:38:49  INFO        Fetching hySpread (BAMLH0A0HYM2)…
2026-04-22 00:38:50  INFO          → 118 observations saved
2026-04-22 00:38:50  INFO        Fetching mbsSpread (MORTGAGE30US)…
2026-04-22 00:38:50  INFO          → 106 observations saved
2026-04-22 00:38:50  INFO        Fetching HPI by state…
2026-04-22 00:38:51  INFO          CA: 3 rows
2026-04-22 00:38:51  INFO          TX: 3 rows
2026-04-22 00:38:52  INFO          FL: 3 rows
2026-04-22 00:38:52  INFO          NY: 3 rows
2026-04-22 00:38:52  INFO          WA: 3 rows
2026-04-22 00:38:53  INFO          CO: 3 rows
2026-04-22 00:38:54  INFO          AZ: 3 rows
2026-04-22 00:38:54  INFO          NV: 3 rows
2026-04-22 00:38:55  INFO          OR: 3 rows
2026-04-22 00:38:55  INFO          GA: 3 rows
2026-04-22 00:38:56  INFO          NC: 3 rows
2026-04-22 00:38:56  INFO          SC: 3 rows
2026-04-22 00:38:57  INFO          TN: 3 rows
2026-04-22 00:38:57  INFO          OH: 3 rows
2026-04-22 00:38:58  INFO          MI: 3 rows
2026-04-22 00:38:58  INFO          IL: 3 rows
2026-04-22 00:38:59  INFO          PA: 3 rows
2026-04-22 00:38:59  INFO          NJ: 3 rows
2026-04-22 00:39:00  INFO          MA: 3 rows
2026-04-22 00:39:01  INFO          VA: 3 rows
2026-04-22 00:39:01  INFO          MD: 3 rows
2026-04-22 00:39:02  INFO          MN: 3 rows
2026-04-22 00:39:04  INFO          WI: 3 rows
2026-04-22 00:39:04  INFO          UT: 3 rows
2026-04-22 00:39:05  INFO          ID: 3 rows
2026-04-22 00:39:05  INFO      JSON exported → signals_live.json  (21 signals, 25 states)
2026-04-22 00:39:05  INFO      Run complete — 21 OK, 0 failed
/Users/angadvirpaintal/Library/Python/3.9/lib/python/site-packages/urllib3/__init__.py:35: NotOpenSSLWarning: urllib3 v2 only supports OpenSSL 1.1.1+, currently the 'ssl' module is compiled with 'LibreSSL 2.8.3'. See: https://github.com/urllib3/urllib3/issues/3020
  warnings.warn(
2026-04-22 00:50:36  INFO      Database initialised → /Users/angadvirpaintal/Downloads/Mortgage_Bond_Analyzer_App/signals.db
2026-04-22 00:50:36  INFO      Database initialised → /Users/angadvirpaintal/Downloads/Mortgage_Bond_Analyzer_App/signals.db
2026-04-22 00:50:36  INFO      ============================================================
2026-04-22 00:50:36  INFO      ============================================================
2026-04-22 00:50:36  INFO      MortgageIQ Pipeline — fetch run starting (2026-04-22 00:50)
2026-04-22 00:50:36  INFO      MortgageIQ Pipeline — fetch run starting (2026-04-22 00:50)
2026-04-22 00:50:36  INFO      ============================================================
2026-04-22 00:50:36  INFO      ============================================================
2026-04-22 00:50:36  INFO        Fetching fedFunds (FEDFUNDS)…
2026-04-22 00:50:36  INFO        Fetching fedFunds (FEDFUNDS)…
2026-04-22 00:50:36  INFO          → 24 observations saved
2026-04-22 00:50:36  INFO          → 24 observations saved
2026-04-22 00:50:37  INFO        Fetching sofr (SOFR)…
2026-04-22 00:50:37  INFO        Fetching sofr (SOFR)…
2026-04-22 00:50:37  INFO          → 113 observations saved
2026-04-22 00:50:37  INFO          → 113 observations saved
2026-04-22 00:50:37  INFO        Fetching tenYrTsy (DGS10)…
2026-04-22 00:50:37  INFO        Fetching tenYrTsy (DGS10)…
2026-04-22 00:50:37  INFO          → 114 observations saved
2026-04-22 00:50:37  INFO          → 114 observations saved
2026-04-22 00:50:37  INFO        Fetching twoYrTsy (DGS2)…
2026-04-22 00:50:37  INFO        Fetching twoYrTsy (DGS2)…
2026-04-22 00:50:38  INFO          → 114 observations saved
2026-04-22 00:50:38  INFO          → 114 observations saved
2026-04-22 00:50:38  INFO        Fetching pmms30 (MORTGAGE30US)…
2026-04-22 00:50:38  INFO        Fetching pmms30 (MORTGAGE30US)…
2026-04-22 00:50:38  INFO          → 106 observations saved
2026-04-22 00:50:38  INFO          → 106 observations saved
2026-04-22 00:50:38  INFO        Fetching pmms15 (MORTGAGE15US)…
2026-04-22 00:50:38  INFO        Fetching pmms15 (MORTGAGE15US)…
2026-04-22 00:50:38  INFO          → 106 observations saved
2026-04-22 00:50:38  INFO          → 106 observations saved
2026-04-22 00:50:39  INFO        Fetching mba30 (OBMMIC30YF)…
2026-04-22 00:50:39  INFO        Fetching mba30 (OBMMIC30YF)…
2026-04-22 00:50:39  INFO          → 112 observations saved
2026-04-22 00:50:39  INFO          → 112 observations saved
2026-04-22 00:50:39  INFO        Fetching cpi (CPIAUCSL)…
2026-04-22 00:50:39  INFO        Fetching cpi (CPIAUCSL)…
2026-04-22 00:50:39  INFO          → 11 observations saved
2026-04-22 00:50:39  INFO          → 11 observations saved
2026-04-22 00:50:39  INFO        Fetching corePce (PCEPILFE)…
2026-04-22 00:50:39  INFO        Fetching corePce (PCEPILFE)…
2026-04-22 00:50:40  INFO          → 11 observations saved
2026-04-22 00:50:40  INFO          → 11 observations saved
2026-04-22 00:50:40  INFO        Fetching ppi (PPIACO)…
2026-04-22 00:50:40  INFO        Fetching ppi (PPIACO)…
2026-04-22 00:50:40  INFO          → 12 observations saved
2026-04-22 00:50:40  INFO          → 12 observations saved
2026-04-22 00:50:40  INFO        Fetching unemployment (UNRATE)…
2026-04-22 00:50:40  INFO        Fetching unemployment (UNRATE)…
2026-04-22 00:50:40  INFO          → 23 observations saved
2026-04-22 00:50:40  INFO          → 23 observations saved
2026-04-22 00:50:41  INFO        Fetching nfp (PAYEMS)…
2026-04-22 00:50:41  INFO        Fetching nfp (PAYEMS)…
2026-04-22 00:50:41  INFO          → 23 observations saved
2026-04-22 00:50:41  INFO          → 23 observations saved
2026-04-22 00:50:41  INFO        Fetching jolts (JTSJOL)…
2026-04-22 00:50:41  INFO        Fetching jolts (JTSJOL)…
2026-04-22 00:50:41  INFO          → 23 observations saved
2026-04-22 00:50:41  INFO          → 23 observations saved
2026-04-22 00:50:41  INFO        Fetching hpiNational (CSUSHPISA)…
2026-04-22 00:50:41  INFO        Fetching hpiNational (CSUSHPISA)…
2026-04-22 00:50:42  INFO          → 10 observations saved
2026-04-22 00:50:42  INFO          → 10 observations saved
2026-04-22 00:50:42  INFO        Fetching housingStarts (HOUST)…
2026-04-22 00:50:42  INFO        Fetching housingStarts (HOUST)…
2026-04-22 00:50:42  INFO          → 22 observations saved
2026-04-22 00:50:42  INFO          → 22 observations saved
2026-04-22 00:50:42  INFO        Fetching existingHomeSales (EXHOSLUSM495S)…
2026-04-22 00:50:42  INFO        Fetching existingHomeSales (EXHOSLUSM495S)…
2026-04-22 00:50:42  INFO          → 13 observations saved
2026-04-22 00:50:42  INFO          → 13 observations saved
2026-04-22 00:50:43  INFO        Fetching mortgageDelinquency (DRSFRMACBS)…
2026-04-22 00:50:43  INFO        Fetching mortgageDelinquency (DRSFRMACBS)…
2026-04-22 00:50:43  INFO          → 7 observations saved
2026-04-22 00:50:43  INFO          → 7 observations saved
2026-04-22 00:50:43  INFO        Fetching refiBoomster (MORTGAGE30US)…
2026-04-22 00:50:43  INFO        Fetching refiBoomster (MORTGAGE30US)…
2026-04-22 00:50:43  INFO          → 106 observations saved
2026-04-22 00:50:43  INFO          → 106 observations saved
2026-04-22 00:50:43  INFO        Fetching igSpread (BAMLC0A0CM)…
2026-04-22 00:50:43  INFO        Fetching igSpread (BAMLC0A0CM)…
2026-04-22 00:50:44  INFO          → 118 observations saved
2026-04-22 00:50:44  INFO          → 118 observations saved
2026-04-22 00:50:44  INFO        Fetching hySpread (BAMLH0A0HYM2)…
2026-04-22 00:50:44  INFO        Fetching hySpread (BAMLH0A0HYM2)…
2026-04-22 00:50:44  INFO          → 118 observations saved
2026-04-22 00:50:44  INFO          → 118 observations saved
2026-04-22 00:50:44  INFO        Fetching mbsSpread (MORTGAGE30US)…
2026-04-22 00:50:44  INFO        Fetching mbsSpread (MORTGAGE30US)…
2026-04-22 00:50:44  INFO          → 106 observations saved
2026-04-22 00:50:44  INFO          → 106 observations saved
2026-04-22 00:50:45  INFO        Fetching HPI by state…
2026-04-22 00:50:45  INFO        Fetching HPI by state…
2026-04-22 00:50:45  INFO          CA: 3 rows
2026-04-22 00:50:45  INFO          CA: 3 rows
2026-04-22 00:50:45  INFO          TX: 3 rows
2026-04-22 00:50:45  INFO          TX: 3 rows
2026-04-22 00:50:45  INFO          FL: 3 rows
2026-04-22 00:50:45  INFO          FL: 3 rows
2026-04-22 00:50:46  INFO          NY: 3 rows
2026-04-22 00:50:46  INFO          NY: 3 rows
2026-04-22 00:50:46  INFO          WA: 3 rows
2026-04-22 00:50:46  INFO          WA: 3 rows
2026-04-22 00:50:47  INFO          CO: 3 rows
2026-04-22 00:50:47  INFO          CO: 3 rows
2026-04-22 00:50:47  INFO          AZ: 3 rows
2026-04-22 00:50:47  INFO          AZ: 3 rows
2026-04-22 00:50:47  INFO          NV: 3 rows
2026-04-22 00:50:47  INFO          NV: 3 rows
2026-04-22 00:50:48  INFO          OR: 3 rows
2026-04-22 00:50:48  INFO          OR: 3 rows
2026-04-22 00:50:48  INFO          GA: 3 rows
2026-04-22 00:50:48  INFO          GA: 3 rows
2026-04-22 00:50:48  INFO          NC: 3 rows
2026-04-22 00:50:48  INFO          NC: 3 rows
2026-04-22 00:50:49  INFO          SC: 3 rows
2026-04-22 00:50:49  INFO          SC: 3 rows
2026-04-22 00:50:49  INFO          TN: 3 rows
2026-04-22 00:50:49  INFO          TN: 3 rows
2026-04-22 00:50:49  INFO          OH: 3 rows
2026-04-22 00:50:49  INFO          OH: 3 rows
2026-04-22 00:50:50  INFO          MI: 3 rows
2026-04-22 00:50:50  INFO          MI: 3 rows
2026-04-22 00:50:50  INFO          IL: 3 rows
2026-04-22 00:50:50  INFO          IL: 3 rows
2026-04-22 00:50:50  INFO          PA: 3 rows
2026-04-22 00:50:50  INFO          PA: 3 rows
2026-04-22 00:50:51  INFO          NJ: 3 rows
2026-04-22 00:50:51  INFO          NJ: 3 rows
2026-04-22 00:50:51  INFO          MA: 3 rows
2026-04-22 00:50:51  INFO          MA: 3 rows
2026-04-22 00:50:52  INFO          VA: 3 rows
2026-04-22 00:50:52  INFO          VA: 3 rows
2026-04-22 00:50:52  INFO          MD: 3 rows
2026-04-22 00:50:52  INFO          MD: 3 rows
2026-04-22 00:50:52  INFO          MN: 3 rows
2026-04-22 00:50:52  INFO          MN: 3 rows
2026-04-22 00:50:53  INFO          WI: 3 rows
2026-04-22 00:50:53  INFO          WI: 3 rows
2026-04-22 00:50:53  INFO          UT: 3 rows
2026-04-22 00:50:53  INFO          UT: 3 rows
2026-04-22 00:50:54  INFO          ID: 3 rows
2026-04-22 00:50:54  INFO          ID: 3 rows
2026-04-22 00:50:54  INFO      JSON exported → /Users/angadvirpaintal/Downloads/Mortgage_Bond_Analyzer_App/signals_live.json  (21 signals, 25 states)
2026-04-22 00:50:54  INFO      JSON exported → /Users/angadvirpaintal/Downloads/Mortgage_Bond_Analyzer_App/signals_live.json  (21 signals, 25 states)
2026-04-22 00:50:54  INFO      Run complete — 21 OK, 0 failed
2026-04-22 00:50:54  INFO      Run complete — 21 OK, 0 failed
2026-05-02 13:44:36  INFO      Database initialised → signals.db
2026-05-02 13:44:36  INFO      ============================================================
2026-05-02 13:44:36  INFO      MortgageIQ Pipeline — fetch run starting (2026-05-02 13:44)
2026-05-02 13:44:36  INFO      ============================================================
2026-05-02 13:44:36  INFO        Fetching fedFunds (FEDFUNDS)…
2026-05-02 13:44:36  INFO          → 25 observations saved
2026-05-02 13:44:36  INFO        Fetching sofr (SOFR)…
2026-05-02 13:44:36  INFO          → 114 observations saved
2026-05-02 13:44:36  INFO        Fetching tenYrTsy (DGS10)…
2026-05-02 13:44:37  INFO          → 115 observations saved
2026-05-02 13:44:37  INFO        Fetching twoYrTsy (DGS2)…
2026-05-02 13:44:37  INFO          → 115 observations saved
2026-05-02 13:44:37  INFO        Fetching pmms30 (MORTGAGE30US)…
2026-05-02 13:44:38  INFO          → 107 observations saved
2026-05-02 13:44:38  INFO        Fetching pmms15 (MORTGAGE15US)…
2026-05-02 13:44:38  INFO          → 107 observations saved
2026-05-02 13:44:38  INFO        Fetching mba30 (OBMMIC30YF)…
2026-05-02 13:44:38  INFO          → 113 observations saved
2026-05-02 13:44:39  INFO        Fetching cpi (CPIAUCSL)…
2026-05-02 13:44:39  INFO          → 11 observations saved
2026-05-02 13:44:39  INFO        Fetching corePce (PCEPILFE)…
2026-05-02 13:44:39  INFO          → 12 observations saved
2026-05-02 13:44:39  INFO        Fetching ppi (PPIACO)…
2026-05-02 13:44:40  INFO          → 12 observations saved
2026-05-02 13:44:40  INFO        Fetching unemployment (UNRATE)…
2026-05-02 13:44:40  INFO          → 23 observations saved
2026-05-02 13:44:40  INFO        Fetching nfp (PAYEMS)…
2026-05-02 13:44:41  INFO          → 23 observations saved
2026-05-02 13:44:41  INFO        Fetching jolts (JTSJOL)…
2026-05-02 13:44:41  INFO          → 23 observations saved
2026-05-02 13:44:41  INFO        Fetching hpiNational (CSUSHPISA)…
2026-05-02 13:44:41  INFO          → 11 observations saved
2026-05-02 13:44:41  INFO        Fetching housingStarts (HOUST)…
2026-05-02 13:44:42  INFO          → 24 observations saved
2026-05-02 13:44:42  INFO        Fetching existingHomeSales (EXHOSLUSM495S)…
2026-05-02 13:44:42  INFO          → 13 observations saved
2026-05-02 13:44:42  INFO        Fetching mortgageDelinquency (DRSFRMACBS)…
2026-05-02 13:44:43  INFO          → 7 observations saved
2026-05-02 13:44:43  INFO        Fetching refiBoomster (MORTGAGE30US)…
2026-05-02 13:44:43  INFO          → 107 observations saved
2026-05-02 13:44:43  INFO        Fetching igSpread (BAMLC0A0CM)…
2026-05-02 13:44:43  INFO          → 118 observations saved
2026-05-02 13:44:44  INFO        Fetching hySpread (BAMLH0A0HYM2)…
2026-05-02 13:44:44  INFO          → 118 observations saved
2026-05-02 13:44:44  INFO        Fetching mbsSpread (MORTGAGE30US)…
2026-05-02 13:44:44  INFO          → 107 observations saved
2026-05-02 13:44:44  INFO        Fetching HPI by state…
2026-05-02 13:44:45  INFO          CA: 3 rows
2026-05-02 13:44:45  INFO          TX: 3 rows
2026-05-02 13:44:46  INFO          FL: 3 rows
2026-05-02 13:44:46  INFO          NY: 3 rows
2026-05-02 13:44:47  INFO          WA: 3 rows
2026-05-02 13:44:47  INFO          CO: 3 rows
2026-05-02 13:44:48  INFO          AZ: 3 rows
2026-05-02 13:44:48  INFO          NV: 3 rows
2026-05-02 13:44:49  INFO          OR: 3 rows
2026-05-02 13:44:49  INFO          GA: 3 rows
2026-05-02 13:44:50  INFO          NC: 3 rows
2026-05-02 13:44:50  INFO          SC: 3 rows
2026-05-02 13:44:50  INFO          TN: 3 rows
2026-05-02 13:44:51  INFO          OH: 3 rows
2026-05-02 13:44:51  INFO          MI: 3 rows
2026-05-02 13:44:52  INFO          IL: 3 rows
2026-05-02 13:44:52  INFO          PA: 3 rows
2026-05-02 13:44:52  INFO          NJ: 3 rows
2026-05-02 13:44:53  INFO          MA: 3 rows
2026-05-02 13:44:53  INFO          VA: 3 rows
2026-05-02 13:44:54  INFO          MD: 3 rows
2026-05-02 13:44:54  INFO          MN: 3 rows
2026-05-02 13:44:54  INFO          WI: 3 rows
2026-05-02 13:44:55  INFO          UT: 3 rows
2026-05-02 13:44:55  INFO          ID: 3 rows
2026-05-02 13:44:55  INFO      JSON exported → signals_live.json  (21 signals, 25 states)
2026-05-02 13:44:55  INFO      Run complete — 21 OK, 0 failed
2026-05-03 23:49:21  INFO      Database initialised → signals.db
2026-05-03 23:49:21  INFO      ============================================================
2026-05-03 23:49:21  INFO      MortgageIQ Pipeline — fetch run starting (2026-05-03 23:49)
2026-05-03 23:49:21  INFO      ============================================================
2026-05-03 23:49:21  INFO        Fetching fedFunds (FEDFUNDS)…
2026-05-03 23:49:21  INFO          → 25 observations saved
2026-05-03 23:49:21  INFO        Fetching sofr (SOFR)…
2026-05-03 23:49:21  INFO          → 114 observations saved
2026-05-03 23:49:22  INFO        Fetching tenYrTsy (DGS10)…
2026-05-03 23:49:22  INFO          → 115 observations saved
2026-05-03 23:49:22  INFO        Fetching twoYrTsy (DGS2)…
2026-05-03 23:49:22  INFO          → 115 observations saved
2026-05-03 23:49:22  INFO        Fetching pmms30 (MORTGAGE30US)…
2026-05-03 23:49:23  INFO          → 106 observations saved
2026-05-03 23:49:23  INFO        Fetching pmms15 (MORTGAGE15US)…
2026-05-03 23:49:23  INFO          → 106 observations saved
2026-05-03 23:49:23  INFO        Fetching mba30 (OBMMIC30YF)…
2026-05-03 23:49:23  INFO          → 113 observations saved
2026-05-03 23:49:24  INFO        Fetching cpi (CPIAUCSL)…
2026-05-03 23:49:24  INFO          → 11 observations saved
2026-05-03 23:49:24  INFO        Fetching corePce (PCEPILFE)…
2026-05-03 23:49:24  INFO          → 12 observations saved
2026-05-03 23:49:24  INFO        Fetching ppi (PPIACO)…
2026-05-03 23:49:25  INFO          → 12 observations saved
2026-05-03 23:49:25  INFO        Fetching unemployment (UNRATE)…
2026-05-03 23:49:25  INFO          → 23 observations saved
2026-05-03 23:49:25  INFO        Fetching nfp (PAYEMS)…
2026-05-03 23:49:25  INFO          → 23 observations saved
2026-05-03 23:49:26  INFO        Fetching jolts (JTSJOL)…
2026-05-03 23:49:26  INFO          → 23 observations saved
2026-05-03 23:49:26  INFO        Fetching hpiNational (CSUSHPISA)…
2026-05-03 23:49:26  INFO          → 11 observations saved
2026-05-03 23:49:26  INFO        Fetching housingStarts (HOUST)…
2026-05-03 23:49:27  INFO          → 24 observations saved
2026-05-03 23:49:27  INFO        Fetching existingHomeSales (EXHOSLUSM495S)…
2026-05-03 23:49:27  INFO          → 13 observations saved
2026-05-03 23:49:27  INFO        Fetching mortgageDelinquency (DRSFRMACBS)…
2026-05-03 23:49:28  INFO          → 7 observations saved
2026-05-03 23:49:28  INFO        Fetching refiBoomster (MORTGAGE30US)…
2026-05-03 23:49:28  INFO          → 106 observations saved
2026-05-03 23:49:28  INFO        Fetching igSpread (BAMLC0A0CM)…
2026-05-03 23:49:28  INFO          → 118 observations saved
2026-05-03 23:49:29  INFO        Fetching hySpread (BAMLH0A0HYM2)…
2026-05-03 23:49:29  INFO          → 118 observations saved
2026-05-03 23:49:29  INFO        Fetching mbsSpread (MORTGAGE30US)…
2026-05-03 23:49:29  INFO          → 106 observations saved
2026-05-03 23:49:29  INFO        Fetching HPI by state…
2026-05-03 23:49:30  INFO          CA: 3 rows
2026-05-03 23:49:30  INFO          TX: 3 rows
2026-05-03 23:49:30  INFO          FL: 3 rows
2026-05-03 23:49:31  INFO          NY: 3 rows
2026-05-03 23:49:31  INFO          WA: 3 rows
2026-05-03 23:49:31  INFO          CO: 3 rows
2026-05-03 23:49:32  INFO          AZ: 3 rows
2026-05-03 23:49:32  INFO          NV: 3 rows
2026-05-03 23:49:33  INFO          OR: 3 rows
2026-05-03 23:49:33  INFO          GA: 3 rows
2026-05-03 23:49:33  INFO          NC: 3 rows
2026-05-03 23:49:34  INFO          SC: 3 rows
2026-05-03 23:49:34  INFO          TN: 3 rows
2026-05-03 23:49:34  INFO          OH: 3 rows
2026-05-03 23:49:35  INFO          MI: 3 rows
2026-05-03 23:49:35  INFO          IL: 3 rows
2026-05-03 23:49:36  INFO          PA: 3 rows
2026-05-03 23:49:36  INFO          NJ: 3 rows
2026-05-03 23:49:36  INFO          MA: 3 rows
2026-05-03 23:49:37  INFO          VA: 3 rows
2026-05-03 23:49:37  INFO          MD: 3 rows
2026-05-03 23:49:37  INFO          MN: 3 rows
2026-05-03 23:49:38  INFO          WI: 3 rows
2026-05-03 23:49:38  INFO          UT: 3 rows
2026-05-03 23:49:39  INFO          ID: 3 rows
2026-05-03 23:49:39  INFO      JSON exported → signals_live.json  (21 signals, 25 states)
2026-05-03 23:49:39  INFO      Run complete — 21 OK, 0 failed
2026-05-10 12:29:24  INFO      Database initialised → signals.db
2026-05-10 12:29:24  INFO      ============================================================
2026-05-10 12:29:24  INFO      MortgageIQ Pipeline — fetch run starting (2026-05-10 12:29)
2026-05-10 12:29:24  INFO      ============================================================
2026-05-10 12:29:24  INFO        Fetching fedFunds (FEDFUNDS)…
2026-05-10 12:29:24  INFO          → 25 observations saved
2026-05-10 12:29:25  INFO        Fetching sofr (SOFR)…
2026-05-10 12:29:25  INFO          → 114 observations saved
2026-05-10 12:29:25  INFO        Fetching tenYrTsy (DGS10)…
2026-05-10 12:29:25  INFO          → 115 observations saved
2026-05-10 12:29:25  INFO        Fetching twoYrTsy (DGS2)…
2026-05-10 12:29:26  INFO          → 115 observations saved
2026-05-10 12:29:26  INFO        Fetching pmms30 (MORTGAGE30US)…
2026-05-10 12:29:26  INFO          → 106 observations saved
2026-05-10 12:29:26  INFO        Fetching pmms15 (MORTGAGE15US)…
2026-05-10 12:29:27  INFO          → 106 observations saved
2026-05-10 12:29:27  INFO        Fetching mba30 (OBMMIC30YF)…
2026-05-10 12:29:27  INFO          → 113 observations saved
2026-05-10 12:29:27  INFO        Fetching cpi (CPIAUCSL)…
2026-05-10 12:29:27  INFO          → 11 observations saved
2026-05-10 12:29:28  INFO        Fetching corePce (PCEPILFE)…
2026-05-10 12:29:28  INFO          → 12 observations saved
2026-05-10 12:29:28  INFO        Fetching ppi (PPIACO)…
2026-05-10 12:29:28  INFO          → 12 observations saved
2026-05-10 12:29:28  INFO        Fetching unemployment (UNRATE)…
2026-05-10 12:29:29  INFO          → 24 observations saved
2026-05-10 12:29:29  INFO        Fetching nfp (PAYEMS)…
2026-05-10 12:29:29  INFO          → 24 observations saved
2026-05-10 12:29:30  INFO        Fetching jolts (JTSJOL)…
2026-05-10 12:29:30  INFO          → 24 observations saved
2026-05-10 12:29:30  INFO        Fetching hpiNational (CSUSHPISA)…
2026-05-10 12:29:30  INFO          → 11 observations saved
2026-05-10 12:29:31  INFO        Fetching housingStarts (HOUST)…
2026-05-10 12:29:31  INFO          → 24 observations saved
2026-05-10 12:29:31  INFO        Fetching existingHomeSales (EXHOSLUSM495S)…
2026-05-10 12:29:31  INFO          → 13 observations saved
2026-05-10 12:29:32  INFO        Fetching mortgageDelinquency (DRSFRMACBS)…
2026-05-10 12:29:32  INFO          → 7 observations saved
2026-05-10 12:29:32  INFO        Fetching refiBoomster (MORTGAGE30US)…
2026-05-10 12:29:33  INFO          → 106 observations saved
2026-05-10 12:29:33  INFO        Fetching igSpread (BAMLC0A0CM)…
2026-05-10 12:29:33  INFO          → 118 observations saved
2026-05-10 12:29:33  INFO        Fetching hySpread (BAMLH0A0HYM2)…
2026-05-10 12:29:34  INFO          → 118 observations saved
2026-05-10 12:29:34  INFO        Fetching mbsSpread (MORTGAGE30US)…
2026-05-10 12:29:34  INFO          → 106 observations saved
2026-05-10 12:29:34  INFO        Fetching HPI by state…
2026-05-10 12:29:35  INFO          CA: 3 rows
2026-05-10 12:29:35  INFO          TX: 3 rows
2026-05-10 12:29:36  INFO          FL: 3 rows
2026-05-10 12:29:37  INFO          NY: 3 rows
2026-05-10 12:29:37  INFO          WA: 3 rows
2026-05-10 12:29:38  INFO          CO: 3 rows
2026-05-10 12:29:38  INFO          AZ: 3 rows
2026-05-10 12:29:39  INFO          NV: 3 rows
2026-05-10 12:29:39  INFO          OR: 3 rows
2026-05-10 12:29:40  INFO          GA: 3 rows
2026-05-10 12:29:40  INFO          NC: 3 rows
2026-05-10 12:29:41  INFO          SC: 3 rows
2026-05-10 12:29:41  INFO          TN: 3 rows
2026-05-10 12:29:42  INFO          OH: 3 rows
2026-05-10 12:29:42  INFO          MI: 3 rows
2026-05-10 12:29:43  INFO          IL: 3 rows
2026-05-10 12:29:43  INFO          PA: 3 rows
2026-05-10 12:29:44  INFO          NJ: 3 rows
2026-05-10 12:29:44  INFO          MA: 3 rows
2026-05-10 12:29:44  INFO          VA: 3 rows
2026-05-10 12:29:45  INFO          MD: 3 rows
2026-05-10 12:29:45  INFO          MN: 3 rows
2026-05-10 12:29:46  INFO          WI: 3 rows
2026-05-10 12:29:46  INFO          UT: 3 rows
2026-05-10 12:29:47  INFO          ID: 3 rows
2026-05-10 12:29:47  INFO      JSON exported → signals_live.json  (21 signals, 25 states)
2026-05-10 12:29:47  INFO      Run complete — 21 OK, 0 failed
2026-05-13 22:39:05  INFO      Database initialised → signals.db
2026-05-13 22:39:05  INFO      ============================================================
2026-05-13 22:39:05  INFO      MortgageIQ Pipeline — fetch run starting (2026-05-13 22:39)
2026-05-13 22:39:05  INFO      ============================================================
2026-05-13 22:39:05  INFO        Fetching fedFunds (FEDFUNDS)…
2026-05-13 22:39:06  INFO          → 25 observations saved
2026-05-13 22:39:06  INFO        Fetching sofr (SOFR)…
2026-05-13 22:39:06  INFO          → 114 observations saved
2026-05-13 22:39:06  INFO        Fetching tenYrTsy (DGS10)…
2026-05-13 22:39:07  INFO          → 115 observations saved
2026-05-13 22:39:07  INFO        Fetching twoYrTsy (DGS2)…
2026-05-13 22:39:07  INFO          → 115 observations saved
2026-05-13 22:39:07  INFO        Fetching pmms30 (MORTGAGE30US)…
2026-05-13 22:39:08  INFO          → 106 observations saved
2026-05-13 22:39:08  INFO        Fetching pmms15 (MORTGAGE15US)…
2026-05-13 22:39:08  INFO          → 106 observations saved
2026-05-13 22:39:08  INFO        Fetching mba30 (OBMMIC30YF)…
2026-05-13 22:39:08  INFO          → 113 observations saved
2026-05-13 22:39:08  INFO        Fetching cpi (CPIAUCSL)…
2026-05-13 22:39:09  INFO          → 12 observations saved
2026-05-13 22:39:09  INFO        Fetching corePce (PCEPILFE)…
2026-05-13 22:39:09  INFO          → 12 observations saved
2026-05-13 22:39:09  INFO        Fetching ppi (PPIACO)…
2026-05-13 22:39:10  INFO          → 13 observations saved
2026-05-13 22:39:10  INFO        Fetching unemployment (UNRATE)…
2026-05-13 22:39:10  INFO          → 24 observations saved
2026-05-13 22:39:10  INFO        Fetching nfp (PAYEMS)…
2026-05-13 22:39:10  INFO          → 24 observations saved
2026-05-13 22:39:11  INFO        Fetching jolts (JTSJOL)…
2026-05-13 22:39:11  INFO          → 24 observations saved
2026-05-13 22:39:11  INFO        Fetching hpiNational (CSUSHPISA)…
2026-05-13 22:39:11  INFO          → 11 observations saved
2026-05-13 22:39:11  INFO        Fetching housingStarts (HOUST)…
2026-05-13 22:39:12  INFO          → 24 observations saved
2026-05-13 22:39:12  INFO        Fetching existingHomeSales (EXHOSLUSM495S)…
2026-05-13 22:39:12  INFO          → 13 observations saved
2026-05-13 22:39:12  INFO        Fetching mortgageDelinquency (DRSFRMACBS)…
2026-05-13 22:39:12  INFO          → 7 observations saved
2026-05-13 22:39:13  INFO        Fetching refiBoomster (MORTGAGE30US)…
2026-05-13 22:39:13  INFO          → 106 observations saved
2026-05-13 22:39:13  INFO        Fetching igSpread (BAMLC0A0CM)…
2026-05-13 22:39:13  INFO          → 118 observations saved
2026-05-13 22:39:13  INFO        Fetching hySpread (BAMLH0A0HYM2)…
2026-05-13 22:39:14  INFO          → 118 observations saved
2026-05-13 22:39:14  INFO        Fetching mbsSpread (MORTGAGE30US)…
2026-05-13 22:39:14  INFO          → 106 observations saved
2026-05-13 22:39:14  INFO        Fetching HPI by state…
2026-05-13 22:39:15  INFO          CA: 3 rows
2026-05-13 22:39:15  INFO          TX: 3 rows
2026-05-13 22:39:15  INFO          FL: 3 rows
2026-05-13 22:39:16  INFO          NY: 3 rows
2026-05-13 22:39:16  INFO          WA: 3 rows
2026-05-13 22:39:17  INFO          CO: 3 rows
2026-05-13 22:39:17  INFO          AZ: 3 rows
2026-05-13 22:39:17  INFO          NV: 3 rows
2026-05-13 22:39:18  INFO          OR: 3 rows
2026-05-13 22:39:18  INFO          GA: 3 rows
2026-05-13 22:39:19  INFO          NC: 3 rows
2026-05-13 22:39:19  INFO          SC: 3 rows
2026-05-13 22:39:19  INFO          TN: 3 rows
2026-05-13 22:39:20  INFO          OH: 3 rows
2026-05-13 22:39:20  INFO          MI: 3 rows
2026-05-13 22:39:21  INFO          IL: 3 rows
2026-05-13 22:39:21  INFO          PA: 3 rows
2026-05-13 22:39:22  INFO          NJ: 3 rows
2026-05-13 22:39:23  INFO          MA: 3 rows
2026-05-13 22:39:23  INFO          VA: 3 rows
2026-05-13 22:39:24  INFO          MD: 3 rows
2026-05-13 22:39:25  INFO          MN: 3 rows
2026-05-13 22:39:25  INFO          WI: 3 rows
2026-05-13 22:39:25  INFO          UT: 3 rows
2026-05-13 22:39:26  INFO          ID: 3 rows
2026-05-13 22:39:26  INFO      JSON exported → signals_live.json  (21 signals, 25 states)
2026-05-13 22:39:26  INFO      Run complete — 21 OK, 0 failed
2026-05-30 19:02:16  INFO      Database initialised → signals.db
2026-05-30 19:02:16  INFO      ============================================================
2026-05-30 19:02:16  INFO      MortgageIQ Pipeline — fetch run starting (2026-05-30 19:02)
2026-05-30 19:02:16  INFO      ============================================================
2026-05-30 19:02:16  INFO        Fetching fedFunds (FEDFUNDS)…
2026-05-30 19:02:16  INFO          → 24 observations saved
2026-05-30 19:02:16  INFO        Fetching sofr (SOFR)…
2026-05-30 19:02:16  INFO          → 114 observations saved
2026-05-30 19:02:16  INFO        Fetching tenYrTsy (DGS10)…
2026-05-30 19:02:17  ERROR         ✗ tenYrTsy: 429 Client Error: Too Many Requests for url: https://api.stlouisfed.org/fred/series/observations?series_id=DGS10&api_key=4876db465a18771018c031f8a39db725&file_type=json&sort_order=desc&limit=120&observation_start=2024-05-16
2026-05-30 19:02:17  INFO        Fetching twoYrTsy (DGS2)…
2026-05-30 19:02:17  INFO          → 115 observations saved
2026-05-30 19:02:17  INFO        Fetching pmms30 (MORTGAGE30US)…
2026-05-30 19:02:18  INFO          → 107 observations saved
2026-05-30 19:02:18  INFO        Fetching pmms15 (MORTGAGE15US)…
2026-05-30 19:02:18  ERROR         ✗ pmms15: 429 Client Error: Too Many Requests for url: https://api.stlouisfed.org/fred/series/observations?series_id=MORTGAGE15US&api_key=4876db465a18771018c031f8a39db725&file_type=json&sort_order=desc&limit=120&observation_start=2024-05-16
2026-05-30 19:02:18  INFO        Fetching mba30 (OBMMIC30YF)…
2026-05-30 19:02:18  INFO          → 114 observations saved
2026-05-30 19:02:19  INFO        Fetching cpi (CPIAUCSL)…
2026-05-30 19:02:19  INFO          → 11 observations saved
2026-05-30 19:02:19  INFO        Fetching corePce (PCEPILFE)…
2026-05-30 19:02:20  INFO          → 12 observations saved
2026-05-30 19:02:20  INFO        Fetching ppi (PPIACO)…
2026-05-30 19:02:20  INFO          → 12 observations saved
2026-05-30 19:02:20  INFO        Fetching unemployment (UNRATE)…
2026-05-30 19:02:21  INFO          → 23 observations saved
2026-05-30 19:02:21  INFO        Fetching nfp (PAYEMS)…
2026-05-30 19:02:21  INFO          → 23 observations saved
2026-05-30 19:02:21  INFO        Fetching jolts (JTSJOL)…
2026-05-30 19:02:22  INFO          → 23 observations saved
2026-05-30 19:02:22  INFO        Fetching hpiNational (CSUSHPISA)…
2026-05-30 19:02:23  INFO          → 11 observations saved
2026-05-30 19:02:23  INFO        Fetching housingStarts (HOUST)…
2026-05-30 19:02:23  INFO          → 24 observations saved
2026-05-30 19:02:24  INFO        Fetching existingHomeSales (EXHOSLUSM495S)…
2026-05-30 19:02:24  ERROR         ✗ existingHomeSales: 429 Client Error: Too Many Requests for url: https://api.stlouisfed.org/fred/series/observations?series_id=EXHOSLUSM495S&api_key=4876db465a18771018c031f8a39db725&file_type=json&sort_order=desc&limit=120&observation_start=2024-05-16
2026-05-30 19:02:24  INFO        Fetching mortgageDelinquency (DRSFRMACBS)…
2026-05-30 19:02:24  INFO          → 8 observations saved
2026-05-30 19:02:24  INFO        Fetching refiBoomster (MORTGAGE30US)…
2026-05-30 19:02:25  INFO          → 107 observations saved
2026-05-30 19:02:25  INFO        Fetching igSpread (BAMLC0A0CM)…
2026-05-30 19:02:25  ERROR         ✗ igSpread: 429 Client Error: Too Many Requests for url: https://api.stlouisfed.org/fred/series/observations?series_id=BAMLC0A0CM&api_key=4876db465a18771018c031f8a39db725&file_type=json&sort_order=desc&limit=120&observation_start=2024-05-16
2026-05-30 19:02:25  INFO        Fetching hySpread (BAMLH0A0HYM2)…
2026-05-30 19:02:26  INFO          → 118 observations saved
2026-05-30 19:02:26  INFO        Fetching mbsSpread (MORTGAGE30US)…
2026-05-30 19:02:26  INFO          → 107 observations saved
2026-05-30 19:02:26  INFO        Fetching HPI by state…
2026-05-30 19:02:26  WARNING       ✗ HPI CA: 429 Client Error: Too Many Requests for url: https://api.stlouisfed.org/fred/series/observations?series_id=CASTHPI&api_key=4876db465a18771018c031f8a39db725&file_type=json&sort_order=desc&limit=120&observation_start=2024-05-16
2026-05-30 19:02:27  INFO          TX: 4 rows
2026-05-30 19:02:27  INFO          FL: 4 rows
2026-05-30 19:02:28  WARNING       ✗ HPI NY: 429 Client Error: Too Many Requests for url: https://api.stlouisfed.org/fred/series/observations?series_id=NYSTHPI&api_key=4876db465a18771018c031f8a39db725&file_type=json&sort_order=desc&limit=120&observation_start=2024-05-16
2026-05-30 19:02:28  INFO          WA: 4 rows
2026-05-30 19:02:28  INFO          CO: 4 rows
2026-05-30 19:02:29  WARNING       ✗ HPI AZ: 429 Client Error: Too Many Requests for url: https://api.stlouisfed.org/fred/series/observations?series_id=AZSTHPI&api_key=4876db465a18771018c031f8a39db725&file_type=json&sort_order=desc&limit=120&observation_start=2024-05-16
2026-05-30 19:02:29  INFO          NV: 4 rows
2026-05-30 19:02:29  INFO          OR: 4 rows
2026-05-30 19:02:30  WARNING       ✗ HPI GA: 429 Client Error: Too Many Requests for url: https://api.stlouisfed.org/fred/series/observations?series_id=GASTHPI&api_key=4876db465a18771018c031f8a39db725&file_type=json&sort_order=desc&limit=120&observation_start=2024-05-16
2026-05-30 19:02:30  INFO          NC: 4 rows
2026-05-30 19:02:31  INFO          SC: 4 rows
2026-05-30 19:02:31  WARNING       ✗ HPI TN: 429 Client Error: Too Many Requests for url: https://api.stlouisfed.org/fred/series/observations?series_id=TNSTHPI&api_key=4876db465a18771018c031f8a39db725&file_type=json&sort_order=desc&limit=120&observation_start=2024-05-16
2026-05-30 19:02:32  INFO          OH: 4 rows
2026-05-30 19:02:32  INFO          MI: 4 rows
2026-05-30 19:02:33  INFO          IL: 4 rows
2026-05-30 19:02:33  INFO          PA: 4 rows
2026-05-30 19:02:34  INFO          NJ: 4 rows
2026-05-30 19:02:34  INFO          MA: 4 rows
2026-05-30 19:02:34  WARNING       ✗ HPI VA: 429 Client Error: Too Many Requests for url: https://api.stlouisfed.org/fred/series/observations?series_id=VASTHPI&api_key=4876db465a18771018c031f8a39db725&file_type=json&sort_order=desc&limit=120&observation_start=2024-05-16
2026-05-30 19:02:35  INFO          MD: 4 rows
2026-05-30 19:02:35  INFO          MN: 4 rows
2026-05-30 19:02:36  WARNING       ✗ HPI WI: 429 Client Error: Too Many Requests for url: https://api.stlouisfed.org/fred/series/observations?series_id=WISTHPI&api_key=4876db465a18771018c031f8a39db725&file_type=json&sort_order=desc&limit=120&observation_start=2024-05-16
2026-05-30 19:02:36  INFO          UT: 4 rows
2026-05-30 19:02:36  INFO          ID: 4 rows
2026-05-30 19:02:37  INFO      JSON exported → signals_live.json  (21 signals, 25 states)
2026-05-30 19:02:37  INFO      Run complete — 17 OK, 4 failed
2026-06-09 00:38:16  INFO      Database initialised → signals.db
2026-06-09 00:38:16  INFO      ============================================================
2026-06-09 00:38:16  INFO      MortgageIQ Pipeline — fetch run starting (2026-06-09 00:38)
2026-06-09 00:38:16  INFO      ============================================================
2026-06-09 00:38:16  INFO        Fetching fedFunds (FEDFUNDS)…
2026-06-09 00:38:16  INFO          → 25 observations saved
2026-06-09 00:38:17  INFO        Fetching sofr (SOFR)…
2026-06-09 00:38:17  INFO          → 114 observations saved
2026-06-09 00:38:17  INFO        Fetching tenYrTsy (DGS10)…
2026-06-09 00:38:18  INFO          → 115 observations saved
2026-06-09 00:38:18  INFO        Fetching twoYrTsy (DGS2)…
2026-06-09 00:38:18  INFO          → 115 observations saved
2026-06-09 00:38:19  INFO        Fetching pmms30 (MORTGAGE30US)…
2026-06-09 00:38:19  INFO          → 106 observations saved
2026-06-09 00:38:20  INFO        Fetching pmms15 (MORTGAGE15US)…
2026-06-09 00:38:20  INFO          → 106 observations saved
2026-06-09 00:38:21  INFO        Fetching mba30 (OBMMIC30YF)…
2026-06-09 00:38:21  INFO          → 114 observations saved
2026-06-09 00:38:21  INFO        Fetching cpi (CPIAUCSL)…
2026-06-09 00:38:22  INFO          → 11 observations saved
2026-06-09 00:38:23  INFO        Fetching corePce (PCEPILFE)…
2026-06-09 00:38:23  INFO          → 12 observations saved
2026-06-09 00:38:24  INFO        Fetching ppi (PPIACO)…
2026-06-09 00:38:24  INFO          → 12 observations saved
2026-06-09 00:38:24  INFO        Fetching unemployment (UNRATE)…
2026-06-09 00:38:24  INFO          → 24 observations saved
2026-06-09 00:38:25  INFO        Fetching nfp (PAYEMS)…
2026-06-09 00:38:25  INFO          → 24 observations saved
2026-06-09 00:38:26  INFO        Fetching jolts (JTSJOL)…
2026-06-09 00:38:26  INFO          → 24 observations saved
2026-06-09 00:38:26  INFO        Fetching hpiNational (CSUSHPISA)…
2026-06-09 00:38:27  INFO          → 11 observations saved
2026-06-09 00:38:27  INFO        Fetching housingStarts (HOUST)…
2026-06-09 00:38:27  INFO          → 24 observations saved
2026-06-09 00:38:28  INFO        Fetching existingHomeSales (EXHOSLUSM495S)…
2026-06-09 00:38:28  INFO          → 13 observations saved
2026-06-09 00:38:29  INFO        Fetching mortgageDelinquency (DRSFRMACBS)…
2026-06-09 00:38:29  INFO          → 8 observations saved
2026-06-09 00:38:29  INFO        Fetching refiBoomster (MORTGAGE30US)…
2026-06-09 00:38:30  INFO          → 106 observations saved
2026-06-09 00:38:30  INFO        Fetching igSpread (BAMLC0A0CM)…
2026-06-09 00:38:30  INFO          → 118 observations saved
2026-06-09 00:38:31  INFO        Fetching hySpread (BAMLH0A0HYM2)…
2026-06-09 00:38:31  INFO          → 118 observations saved
2026-06-09 00:38:32  INFO        Fetching mbsSpread (MORTGAGE30US)…
2026-06-09 00:38:32  INFO          → 106 observations saved
2026-06-09 00:38:32  INFO        Fetching HPI by state…
2026-06-09 00:38:33  INFO          CA: 4 rows
2026-06-09 00:38:33  INFO          TX: 4 rows
2026-06-09 00:38:34  INFO          FL: 4 rows
2026-06-09 00:38:35  INFO          NY: 4 rows
2026-06-09 00:38:36  INFO          WA: 4 rows
2026-06-09 00:38:37  INFO          CO: 4 rows
2026-06-09 00:38:37  INFO          AZ: 4 rows
2026-06-09 00:38:38  INFO          NV: 4 rows
2026-06-09 00:38:39  INFO          OR: 4 rows
2026-06-09 00:38:40  INFO          GA: 4 rows
2026-06-09 00:38:41  INFO          NC: 4 rows
2026-06-09 00:38:41  INFO          SC: 4 rows
2026-06-09 00:38:42  INFO          TN: 4 rows
2026-06-09 00:38:43  INFO          OH: 4 rows
2026-06-09 00:38:44  INFO          MI: 4 rows
2026-06-09 00:38:45  INFO          IL: 4 rows
2026-06-09 00:38:47  WARNING       ✗ HPI PA: HTTPSConnectionPool(host='api.stlouisfed.org', port=443): Max retries exceeded with url: /fred/series/observations?series_id=PASTHPI&api_key=4876db465a18771018c031f8a39db725&file_type=json&sort_order=desc&limit=120&observation_start=2024-05-26 (Caused by NewConnectionError("HTTPSConnection(host='api.stlouisfed.org', port=443): Failed to establish a new connection: [Errno 61] Connection refused"))
2026-06-09 00:38:47  WARNING       ✗ HPI NJ: HTTPSConnectionPool(host='api.stlouisfed.org', port=443): Max retries exceeded with url: /fred/series/observations?series_id=NJSTHPI&api_key=4876db465a18771018c031f8a39db725&file_type=json&sort_order=desc&limit=120&observation_start=2024-05-26 (Caused by NewConnectionError("HTTPSConnection(host='api.stlouisfed.org', port=443): Failed to establish a new connection: [Errno 61] Connection refused"))
2026-06-09 00:38:47  WARNING       ✗ HPI MA: HTTPSConnectionPool(host='api.stlouisfed.org', port=443): Max retries exceeded with url: /fred/series/observations?series_id=MASTHPI&api_key=4876db465a18771018c031f8a39db725&file_type=json&sort_order=desc&limit=120&observation_start=2024-05-26 (Caused by NewConnectionError("HTTPSConnection(host='api.stlouisfed.org', port=443): Failed to establish a new connection: [Errno 61] Connection refused"))
2026-06-09 00:38:47  WARNING       ✗ HPI VA: HTTPSConnectionPool(host='api.stlouisfed.org', port=443): Max retries exceeded with url: /fred/series/observations?series_id=VASTHPI&api_key=4876db465a18771018c031f8a39db725&file_type=json&sort_order=desc&limit=120&observation_start=2024-05-26 (Caused by NewConnectionError("HTTPSConnection(host='api.stlouisfed.org', port=443): Failed to establish a new connection: [Errno 61] Connection refused"))
2026-06-09 00:38:47  WARNING       ✗ HPI MD: HTTPSConnectionPool(host='api.stlouisfed.org', port=443): Max retries exceeded with url: /fred/series/observations?series_id=MDSTHPI&api_key=4876db465a18771018c031f8a39db725&file_type=json&sort_order=desc&limit=120&observation_start=2024-05-26 (Caused by NewConnectionError("HTTPSConnection(host='api.stlouisfed.org', port=443): Failed to establish a new connection: [Errno 61] Connection refused"))
2026-06-09 00:38:47  WARNING       ✗ HPI MN: HTTPSConnectionPool(host='api.stlouisfed.org', port=443): Max retries exceeded with url: /fred/series/observations?series_id=MNSTHPI&api_key=4876db465a18771018c031f8a39db725&file_type=json&sort_order=desc&limit=120&observation_start=2024-05-26 (Caused by NewConnectionError("HTTPSConnection(host='api.stlouisfed.org', port=443): Failed to establish a new connection: [Errno 61] Connection refused"))
2026-06-09 00:38:47  WARNING       ✗ HPI WI: HTTPSConnectionPool(host='api.stlouisfed.org', port=443): Max retries exceeded with url: /fred/series/observations?series_id=WISTHPI&api_key=4876db465a18771018c031f8a39db725&file_type=json&sort_order=desc&limit=120&observation_start=2024-05-26 (Caused by NewConnectionError("HTTPSConnection(host='api.stlouisfed.org', port=443): Failed to establish a new connection: [Errno 61] Connection refused"))
2026-06-09 00:38:47  WARNING       ✗ HPI UT: HTTPSConnectionPool(host='api.stlouisfed.org', port=443): Max retries exceeded with url: /fred/series/observations?series_id=UTSTHPI&api_key=4876db465a18771018c031f8a39db725&file_type=json&sort_order=desc&limit=120&observation_start=2024-05-26 (Caused by NewConnectionError("HTTPSConnection(host='api.stlouisfed.org', port=443): Failed to establish a new connection: [Errno 61] Connection refused"))
2026-06-09 00:38:47  WARNING       ✗ HPI ID: HTTPSConnectionPool(host='api.stlouisfed.org', port=443): Max retries exceeded with url: /fred/series/observations?series_id=IDSTHPI&api_key=4876db465a18771018c031f8a39db725&file_type=json&sort_order=desc&limit=120&observation_start=2024-05-26 (Caused by NewConnectionError("HTTPSConnection(host='api.stlouisfed.org', port=443): Failed to establish a new connection: [Errno 61] Connection refused"))
2026-06-09 00:38:47  INFO      JSON exported → signals_live.json  (21 signals, 25 states)
2026-06-09 00:38:47  INFO      Run complete — 21 OK, 0 failed
2026-06-09 00:47:42  INFO      Database initialised → signals.db
2026-06-09 00:47:42  INFO      ============================================================
2026-06-09 00:47:42  INFO      MortgageIQ Pipeline — fetch run starting (2026-06-09 00:47)
2026-06-09 00:47:42  INFO      ============================================================
2026-06-09 00:47:42  INFO        Fetching fedFunds (FEDFUNDS)…
2026-06-09 00:47:42  INFO          → 25 observations saved
2026-06-09 00:47:43  INFO        Fetching sofr (SOFR)…
2026-06-09 00:47:43  INFO          → 114 observations saved
2026-06-09 00:47:43  INFO        Fetching tenYrTsy (DGS10)…
2026-06-09 00:47:43  INFO          → 115 observations saved
2026-06-09 00:47:44  INFO        Fetching twoYrTsy (DGS2)…
2026-06-09 00:47:44  INFO          → 115 observations saved
2026-06-09 00:47:45  INFO        Fetching pmms30 (MORTGAGE30US)…
2026-06-09 00:47:45  INFO          → 106 observations saved
2026-06-09 00:47:45  INFO        Fetching pmms15 (MORTGAGE15US)…
2026-06-09 00:47:46  INFO          → 106 observations saved
2026-06-09 00:47:46  INFO        Fetching mba30 (OBMMIC30YF)…
2026-06-09 00:47:47  INFO          → 114 observations saved
2026-06-09 00:47:47  INFO        Fetching cpi (CPIAUCSL)…
2026-06-09 00:47:47  INFO          → 11 observations saved
2026-06-09 00:47:48  INFO        Fetching corePce (PCEPILFE)…
2026-06-09 00:47:48  INFO          → 12 observations saved
2026-06-09 00:47:49  INFO        Fetching ppi (PPIACO)…
2026-06-09 00:47:49  INFO          → 12 observations saved
2026-06-09 00:47:49  INFO        Fetching unemployment (UNRATE)…
2026-06-09 00:47:50  INFO          → 24 observations saved
2026-06-09 00:47:50  INFO        Fetching nfp (PAYEMS)…
2026-06-09 00:47:50  INFO          → 24 observations saved
2026-06-09 00:47:51  INFO        Fetching jolts (JTSJOL)…
2026-06-09 00:47:51  INFO          → 24 observations saved
2026-06-09 00:47:51  INFO        Fetching hpiNational (CSUSHPISA)…
2026-06-09 00:47:52  INFO          → 11 observations saved
2026-06-09 00:47:52  INFO        Fetching housingStarts (HOUST)…
2026-06-09 00:47:52  INFO          → 24 observations saved
2026-06-09 00:47:53  INFO        Fetching existingHomeSales (EXHOSLUSM495S)…
2026-06-09 00:47:53  INFO          → 13 observations saved
2026-06-09 00:47:54  INFO        Fetching mortgageDelinquency (DRSFRMACBS)…
2026-06-09 00:47:54  INFO          → 8 observations saved
2026-06-09 00:47:54  INFO        Fetching refiBoomster (MORTGAGE30US)…
2026-06-09 00:47:54  INFO          → 106 observations saved
2026-06-09 00:47:55  INFO        Fetching igSpread (BAMLC0A0CM)…
2026-06-09 00:47:55  INFO          → 118 observations saved
2026-06-09 00:47:56  INFO        Fetching hySpread (BAMLH0A0HYM2)…
2026-06-09 00:47:56  INFO          → 118 observations saved
2026-06-09 00:47:56  INFO        Fetching mbsSpread (MORTGAGE30US)…
2026-06-09 00:47:57  INFO          → 106 observations saved
2026-06-09 00:47:57  INFO        Fetching HPI by state…
2026-06-09 00:47:57  INFO          CA: 4 rows
2026-06-09 00:47:58  INFO          TX: 4 rows
2026-06-09 00:47:59  INFO          FL: 4 rows
2026-06-09 00:47:59  INFO          NY: 4 rows
2026-06-09 00:48:02  INFO          WA: 4 rows
2026-06-09 00:48:03  INFO          CO: 4 rows
2026-06-09 00:48:04  INFO          AZ: 4 rows
2026-06-09 00:48:04  INFO          NV: 4 rows
2026-06-09 00:48:05  INFO          OR: 4 rows
2026-06-09 00:48:06  INFO          GA: 4 rows
2026-06-09 00:48:06  INFO          NC: 4 rows
2026-06-09 00:48:07  INFO          SC: 4 rows
2026-06-09 00:48:08  INFO          TN: 4 rows
2026-06-09 00:48:09  INFO          OH: 4 rows
2026-06-09 00:48:09  INFO          MI: 4 rows
2026-06-09 00:48:10  INFO          IL: 4 rows
2026-06-09 00:48:11  INFO          PA: 4 rows
2026-06-09 00:48:12  INFO          NJ: 4 rows
2026-06-09 00:48:13  INFO          MA: 4 rows
2026-06-09 00:48:14  INFO          VA: 4 rows
2026-06-09 00:48:15  INFO          MD: 4 rows
2026-06-09 00:48:15  INFO          MN: 4 rows
2026-06-09 00:48:16  INFO          WI: 4 rows
2026-06-09 00:48:17  INFO          UT: 4 rows
2026-06-09 00:48:18  INFO          ID: 4 rows
2026-06-09 00:48:19  INFO      JSON exported → signals_live.json  (21 signals, 25 states)
2026-06-09 00:48:19  INFO      Run complete — 21 OK, 0 failed
2026-06-09 23:23:39  INFO      Database initialised → signals.db
2026-06-09 23:23:39  INFO      ============================================================
2026-06-09 23:23:39  INFO      MortgageIQ Pipeline — fetch run starting (2026-06-09 23:23)
2026-06-09 23:23:39  INFO      ============================================================
2026-06-09 23:23:39  INFO        Fetching fedFunds (FEDFUNDS)…
2026-06-09 23:23:39  INFO          → 25 observations saved
2026-06-09 23:23:39  INFO        Fetching sofr (SOFR)…
2026-06-09 23:23:40  INFO          → 114 observations saved
2026-06-09 23:23:40  INFO        Fetching tenYrTsy (DGS10)…
2026-06-09 23:23:40  INFO          → 115 observations saved
2026-06-09 23:23:41  INFO        Fetching twoYrTsy (DGS2)…
2026-06-09 23:23:41  INFO          → 115 observations saved
2026-06-09 23:23:42  INFO        Fetching pmms30 (MORTGAGE30US)…
2026-06-09 23:23:42  INFO          → 106 observations saved
2026-06-09 23:23:43  INFO        Fetching pmms15 (MORTGAGE15US)…
2026-06-09 23:23:43  INFO          → 106 observations saved
2026-06-09 23:23:43  INFO        Fetching mba30 (OBMMIC30YF)…
2026-06-09 23:23:44  INFO          → 114 observations saved
2026-06-09 23:23:44  INFO        Fetching cpi (CPIAUCSL)…
2026-06-09 23:23:45  INFO          → 11 observations saved
2026-06-09 23:23:46  INFO        Fetching corePce (PCEPILFE)…
2026-06-09 23:23:46  INFO          → 12 observations saved
2026-06-09 23:23:46  INFO        Fetching ppi (PPIACO)…
2026-06-09 23:23:47  INFO          → 12 observations saved
2026-06-09 23:23:47  INFO        Fetching unemployment (UNRATE)…
2026-06-09 23:23:47  INFO          → 24 observations saved
2026-06-09 23:23:48  INFO        Fetching nfp (PAYEMS)…
2026-06-09 23:23:48  INFO          → 24 observations saved
2026-06-09 23:23:49  INFO        Fetching jolts (JTSJOL)…
2026-06-09 23:23:49  INFO          → 24 observations saved
2026-06-09 23:23:49  INFO        Fetching hpiNational (CSUSHPISA)…
2026-06-09 23:23:50  INFO          → 11 observations saved
2026-06-09 23:23:50  INFO        Fetching housingStarts (HOUST)…
2026-06-09 23:23:50  INFO          → 24 observations saved
2026-06-09 23:23:51  INFO        Fetching existingHomeSales (EXHOSLUSM495S)…
2026-06-09 23:23:51  INFO          → 13 observations saved
2026-06-09 23:23:52  INFO        Fetching mortgageDelinquency (DRSFRMACBS)…
2026-06-09 23:23:52  INFO          → 8 observations saved
2026-06-09 23:23:52  INFO        Fetching refiBoomster (MORTGAGE30US)…
2026-06-09 23:23:53  INFO          → 106 observations saved
2026-06-09 23:23:53  INFO        Fetching igSpread (BAMLC0A0CM)…
2026-06-09 23:23:53  INFO          → 119 observations saved
2026-06-09 23:23:54  INFO        Fetching hySpread (BAMLH0A0HYM2)…
2026-06-09 23:23:54  INFO          → 119 observations saved
2026-06-09 23:23:55  INFO        Fetching mbsSpread (MORTGAGE30US)…
2026-06-09 23:23:55  INFO          → 106 observations saved
2026-06-09 23:23:55  INFO        Fetching HPI by state…
2026-06-09 23:23:56  INFO          CA: 4 rows
2026-06-09 23:23:56  INFO          TX: 4 rows
2026-06-09 23:23:57  INFO          FL: 4 rows
2026-06-09 23:23:58  INFO          NY: 4 rows
2026-06-09 23:23:59  INFO          WA: 4 rows
2026-06-09 23:23:59  INFO          CO: 4 rows
2026-06-09 23:24:02  INFO          AZ: 4 rows
2026-06-09 23:24:03  INFO          NV: 4 rows
2026-06-09 23:24:03  INFO          OR: 4 rows
2026-06-09 23:24:04  INFO          GA: 4 rows
2026-06-09 23:24:05  INFO          NC: 4 rows
2026-06-09 23:24:06  INFO          SC: 4 rows
2026-06-09 23:24:06  INFO          TN: 4 rows
2026-06-09 23:24:07  INFO          OH: 4 rows
2026-06-09 23:24:08  INFO          MI: 4 rows
2026-06-09 23:24:09  INFO          IL: 4 rows
2026-06-09 23:24:09  INFO          PA: 4 rows
2026-06-09 23:24:10  INFO          NJ: 4 rows
2026-06-09 23:24:11  INFO          MA: 4 rows
2026-06-09 23:24:11  INFO          VA: 4 rows
2026-06-09 23:24:12  INFO          MD: 4 rows
2026-06-09 23:24:13  INFO          MN: 4 rows
2026-06-09 23:24:14  INFO          WI: 4 rows
2026-06-09 23:24:14  INFO          UT: 4 rows
2026-06-09 23:24:15  INFO          ID: 4 rows
2026-06-09 23:24:16  INFO      JSON exported → signals_live.json  (21 signals, 25 states)
2026-06-09 23:24:16  INFO      Run complete — 21 OK, 0 failed
2026-06-12 22:42:20  INFO      Database initialised → signals.db
2026-06-12 22:42:20  INFO      ============================================================
2026-06-12 22:42:20  INFO      MortgageIQ Pipeline — fetch run starting (2026-06-12 22:42)
2026-06-12 22:42:20  INFO      ============================================================
2026-06-12 22:42:20  INFO        Fetching fedFunds (FEDFUNDS)…
2026-06-12 22:42:20  INFO          → 25 observations saved
2026-06-12 22:42:21  INFO        Fetching sofr (SOFR)…
2026-06-12 22:42:21  INFO          → 115 observations saved
2026-06-12 22:42:22  INFO        Fetching tenYrTsy (DGS10)…
2026-06-12 22:42:22  INFO          → 116 observations saved
2026-06-12 22:42:22  INFO        Fetching twoYrTsy (DGS2)…
2026-06-12 22:42:23  INFO          → 116 observations saved
2026-06-12 22:42:23  INFO        Fetching pmms30 (MORTGAGE30US)…
2026-06-12 22:42:23  INFO          → 107 observations saved
2026-06-12 22:42:24  INFO        Fetching pmms15 (MORTGAGE15US)…
2026-06-12 22:42:24  INFO          → 107 observations saved
2026-06-12 22:42:25  INFO        Fetching mba30 (OBMMIC30YF)…
2026-06-12 22:42:25  INFO          → 116 observations saved
2026-06-12 22:42:26  INFO        Fetching cpi (CPIAUCSL)…
2026-06-12 22:42:26  INFO          → 12 observations saved
2026-06-12 22:42:26  INFO        Fetching corePce (PCEPILFE)…
2026-06-12 22:42:27  INFO          → 12 observations saved
2026-06-12 22:42:27  INFO        Fetching ppi (PPIACO)…
2026-06-12 22:42:27  INFO          → 13 observations saved
2026-06-12 22:42:28  INFO        Fetching unemployment (UNRATE)…
2026-06-12 22:42:28  INFO          → 24 observations saved
2026-06-12 22:42:29  INFO        Fetching nfp (PAYEMS)…
2026-06-12 22:42:29  INFO          → 24 observations saved
2026-06-12 22:42:29  INFO        Fetching jolts (JTSJOL)…
2026-06-12 22:42:30  INFO          → 24 observations saved
2026-06-12 22:42:30  INFO        Fetching hpiNational (CSUSHPISA)…
2026-06-12 22:42:31  INFO          → 11 observations saved
2026-06-12 22:42:31  INFO        Fetching housingStarts (HOUST)…
2026-06-12 22:42:32  INFO          → 24 observations saved
2026-06-12 22:42:32  INFO        Fetching existingHomeSales (EXHOSLUSM495S)…
2026-06-12 22:42:32  INFO          → 13 observations saved
2026-06-12 22:42:33  INFO        Fetching mortgageDelinquency (DRSFRMACBS)…
2026-06-12 22:42:33  INFO          → 8 observations saved
2026-06-12 22:42:34  INFO        Fetching refiBoomster (MORTGAGE30US)…
2026-06-12 22:42:34  INFO          → 107 observations saved
2026-06-12 22:42:35  INFO        Fetching igSpread (BAMLC0A0CM)…
2026-06-12 22:42:35  INFO          → 119 observations saved
2026-06-12 22:42:35  INFO        Fetching hySpread (BAMLH0A0HYM2)…
2026-06-12 22:42:36  INFO          → 119 observations saved
2026-06-12 22:42:36  INFO        Fetching mbsSpread (MORTGAGE30US)…
2026-06-12 22:42:36  INFO          → 107 observations saved
2026-06-12 22:42:37  INFO        Fetching HPI by state…
2026-06-12 22:42:37  INFO          CA: 4 rows
2026-06-12 22:42:38  INFO          TX: 4 rows
2026-06-12 22:42:39  INFO          FL: 4 rows
2026-06-12 22:42:40  INFO          NY: 4 rows
2026-06-12 22:42:41  INFO          WA: 4 rows
2026-06-12 22:42:42  INFO          CO: 4 rows
2026-06-12 22:42:43  INFO          AZ: 4 rows
2026-06-12 22:42:43  INFO          NV: 4 rows
2026-06-12 22:42:44  INFO          OR: 4 rows
2026-06-12 22:42:45  INFO          GA: 4 rows
2026-06-12 22:42:46  INFO          NC: 4 rows
2026-06-12 22:42:47  INFO          SC: 4 rows
2026-06-12 22:42:48  INFO          TN: 4 rows
2026-06-12 22:42:49  INFO          OH: 4 rows
2026-06-12 22:42:50  INFO          MI: 4 rows
2026-06-12 22:42:51  INFO          IL: 4 rows
2026-06-12 22:42:52  INFO          PA: 4 rows
2026-06-12 22:42:52  INFO          NJ: 4 rows
2026-06-12 22:42:53  INFO          MA: 4 rows
2026-06-12 22:42:54  INFO          VA: 4 rows
2026-06-12 22:42:55  INFO          MD: 4 rows
2026-06-12 22:42:56  INFO          MN: 4 rows
2026-06-12 22:42:57  INFO          WI: 4 rows
2026-06-12 22:42:58  INFO          UT: 4 rows
2026-06-12 22:42:59  INFO          ID: 4 rows
2026-06-12 22:42:59  INFO      JSON exported → signals_live.json  (21 signals, 25 states)
2026-06-12 22:42:59  INFO      Run complete — 21 OK, 0 failed
2026-06-19 22:22:35  INFO      Database initialised → signals.db
2026-06-19 22:22:35  INFO      ============================================================
2026-06-19 22:22:35  INFO      MortgageIQ Pipeline — fetch run starting (2026-06-19 22:22)
2026-06-19 22:22:35  INFO      ============================================================
2026-06-19 22:22:35  INFO        Fetching fedFunds (FEDFUNDS)…
2026-06-19 22:22:35  INFO          → 24 observations saved
2026-06-19 22:22:36  INFO        Fetching sofr (SOFR)…
2026-06-19 22:22:36  INFO          → 115 observations saved
2026-06-19 22:22:37  INFO        Fetching tenYrTsy (DGS10)…
2026-06-19 22:22:37  INFO          → 116 observations saved
2026-06-19 22:22:37  INFO        Fetching twoYrTsy (DGS2)…
2026-06-19 22:22:38  INFO          → 116 observations saved
2026-06-19 22:22:38  INFO        Fetching pmms30 (MORTGAGE30US)…
2026-06-19 22:22:38  INFO          → 107 observations saved
2026-06-19 22:22:39  INFO        Fetching pmms15 (MORTGAGE15US)…
2026-06-19 22:22:39  INFO          → 107 observations saved
2026-06-19 22:22:40  INFO        Fetching mba30 (OBMMIC30YF)…
2026-06-19 22:22:40  INFO          → 116 observations saved
2026-06-19 22:22:40  INFO        Fetching cpi (CPIAUCSL)…
2026-06-19 22:22:41  INFO          → 11 observations saved
2026-06-19 22:22:41  INFO        Fetching corePce (PCEPILFE)…
2026-06-19 22:22:43  INFO          → 11 observations saved
2026-06-19 22:22:43  INFO        Fetching ppi (PPIACO)…
2026-06-19 22:22:43  INFO          → 12 observations saved
2026-06-19 22:22:44  INFO        Fetching unemployment (UNRATE)…
2026-06-19 22:22:44  INFO          → 23 observations saved
2026-06-19 22:22:45  INFO        Fetching nfp (PAYEMS)…
2026-06-19 22:22:45  INFO          → 23 observations saved
2026-06-19 22:22:45  INFO        Fetching jolts (JTSJOL)…
2026-06-19 22:22:46  INFO          → 23 observations saved
2026-06-19 22:22:46  INFO        Fetching hpiNational (CSUSHPISA)…
2026-06-19 22:22:46  INFO          → 10 observations saved
2026-06-19 22:22:47  INFO        Fetching housingStarts (HOUST)…
2026-06-19 22:22:47  INFO          → 24 observations saved
2026-06-19 22:22:48  INFO        Fetching existingHomeSales (EXHOSLUSM495S)…
2026-06-19 22:22:48  INFO          → 13 observations saved
2026-06-19 22:22:48  INFO        Fetching mortgageDelinquency (DRSFRMACBS)…
2026-06-19 22:22:49  INFO          → 8 observations saved
2026-06-19 22:22:49  INFO        Fetching refiBoomster (MORTGAGE30US)…
2026-06-19 22:22:50  INFO          → 107 observations saved
2026-06-19 22:22:50  INFO        Fetching igSpread (BAMLC0A0CM)…
2026-06-19 22:22:50  INFO          → 120 observations saved
2026-06-19 22:22:51  INFO        Fetching hySpread (BAMLH0A0HYM2)…
2026-06-19 22:22:51  INFO          → 120 observations saved
2026-06-19 22:22:52  INFO        Fetching mbsSpread (MORTGAGE30US)…
2026-06-19 22:22:52  INFO          → 107 observations saved
2026-06-19 22:22:52  INFO        Fetching HPI by state…
2026-06-19 22:22:53  INFO          CA: 4 rows
2026-06-19 22:22:53  INFO          TX: 4 rows
2026-06-19 22:22:54  INFO          FL: 4 rows
2026-06-19 22:22:55  INFO          NY: 4 rows
2026-06-19 22:22:56  INFO          WA: 4 rows
2026-06-19 22:22:57  INFO          CO: 4 rows
2026-06-19 22:22:58  INFO          AZ: 4 rows
2026-06-19 22:22:59  INFO          NV: 4 rows
2026-06-19 22:23:00  INFO          OR: 4 rows
2026-06-19 22:23:01  INFO          GA: 4 rows
2026-06-19 22:23:02  INFO          NC: 4 rows
2026-06-19 22:23:03  INFO          SC: 4 rows
2026-06-19 22:23:04  INFO          TN: 4 rows
2026-06-19 22:23:05  INFO          OH: 4 rows
2026-06-19 22:23:06  INFO          MI: 4 rows
2026-06-19 22:23:07  INFO          IL: 4 rows
2026-06-19 22:23:08  INFO          PA: 4 rows
2026-06-19 22:23:08  INFO          NJ: 4 rows
2026-06-19 22:23:09  INFO          MA: 4 rows
2026-06-19 22:23:10  INFO          VA: 4 rows
2026-06-19 22:23:11  INFO          MD: 4 rows
2026-06-19 22:23:12  INFO          MN: 4 rows
2026-06-19 22:23:13  INFO          WI: 4 rows
2026-06-19 22:23:14  INFO          UT: 4 rows
2026-06-19 22:23:15  INFO          ID: 4 rows
2026-06-19 22:23:16  INFO      JSON exported → signals_live.json  (21 signals, 25 states)
2026-06-19 22:23:16  INFO      Run complete — 21 OK, 0 failed
